<?xml version="1.0" encoding="UTF-8"?>
<testsuites>
  <testsuite name="synthetic_cdisc_data" timestamp="2024-08-19T05:58:13Z" hostname="1db1fb440a56" tests="14" skipped="0" failures="0" errors="0" time="2.85">
    <testcase time="0.168" classname="synthetic_cdisc_data" name="synthetic_cdisc_dataset_works_as_expected"/>
    <testcase time="0.029" classname="synthetic_cdisc_data" name="synthetic_cdisc_dataset_works_as_expected"/>
    <testcase time="0.00900000000000001" classname="synthetic_cdisc_data" name="synthetic_cdisc_dataset_works_as_expected"/>
    <testcase time="0.001" classname="synthetic_cdisc_data" name="synthetic_cdisc_dataset_works_as_expected"/>
    <testcase time="0.01" classname="synthetic_cdisc_data" name="synthetic_cdisc_dataset_works_as_expected"/>
    <testcase time="0.001" classname="synthetic_cdisc_data" name="synthetic_cdisc_dataset_works_as_expected"/>
    <testcase time="0.001" classname="synthetic_cdisc_data" name="synthetic_cdisc_dataset_works_as_expected"/>
    <testcase time="0.001" classname="synthetic_cdisc_data" name="synthetic_cdisc_dataset_works_as_expected"/>
    <testcase time="1.322" classname="synthetic_cdisc_data" name="synthetic_cdisc_data_works_as_expected"/>
    <testcase time="0.00300000000000011" classname="synthetic_cdisc_data" name="synthetic_cdisc_data_works_as_expected"/>
    <testcase time="1.293" classname="synthetic_cdisc_data" name="synthetic_cdisc_data_works_as_expected"/>
    <testcase time="0.00299999999999967" classname="synthetic_cdisc_data" name="synthetic_cdisc_data_works_as_expected"/>
    <testcase time="0.00800000000000001" classname="synthetic_cdisc_data" name="ls_synthetic_cdisc_data_works_as_expected"/>
    <testcase time="0.00100000000000033" classname="synthetic_cdisc_data" name="ls_synthetic_cdisc_data_works_as_expected"/>
  </testsuite>
</testsuites>
