<?xml version="1.0" encoding="UTF-8"?>
<testsuites>
  <testsuite name="synthetic_cdisc_data" timestamp="2024-08-19T05:58:16Z" hostname="9c3cce1ec0f1" tests="14" skipped="0" failures="0" errors="0" time="2.784">
    <testcase time="0.038" classname="synthetic_cdisc_data" name="synthetic_cdisc_dataset_works_as_expected"/>
    <testcase time="0.086" classname="synthetic_cdisc_data" name="synthetic_cdisc_dataset_works_as_expected"/>
    <testcase time="0.00700000000000001" classname="synthetic_cdisc_data" name="synthetic_cdisc_dataset_works_as_expected"/>
    <testcase time="0.002" classname="synthetic_cdisc_data" name="synthetic_cdisc_dataset_works_as_expected"/>
    <testcase time="0.00700000000000001" classname="synthetic_cdisc_data" name="synthetic_cdisc_dataset_works_as_expected"/>
    <testcase time="0.002" classname="synthetic_cdisc_data" name="synthetic_cdisc_dataset_works_as_expected"/>
    <testcase time="0.001" classname="synthetic_cdisc_data" name="synthetic_cdisc_dataset_works_as_expected"/>
    <testcase time="0.001" classname="synthetic_cdisc_data" name="synthetic_cdisc_dataset_works_as_expected"/>
    <testcase time="1.334" classname="synthetic_cdisc_data" name="synthetic_cdisc_data_works_as_expected"/>
    <testcase time="0.00300000000000011" classname="synthetic_cdisc_data" name="synthetic_cdisc_data_works_as_expected"/>
    <testcase time="1.291" classname="synthetic_cdisc_data" name="synthetic_cdisc_data_works_as_expected"/>
    <testcase time="0.004" classname="synthetic_cdisc_data" name="synthetic_cdisc_data_works_as_expected"/>
    <testcase time="0.00599999999999978" classname="synthetic_cdisc_data" name="ls_synthetic_cdisc_data_works_as_expected"/>
    <testcase time="0.00200000000000022" classname="synthetic_cdisc_data" name="ls_synthetic_cdisc_data_works_as_expected"/>
  </testsuite>
</testsuites>
